Created by PLY version 3.11 (http://www.dabeaz.com/ply)

Grammar

Rule 0     S' -> init
Rule 1     init -> instrucciones
Rule 2     instrucciones -> instrucciones instruccion
Rule 3     instrucciones -> instruccion
Rule 4     instruccion -> create_Table
Rule 5     create_Table -> CREATE TABLE ID PAR_A cuerpo_createTable_lista PAR_C PTCOMA
Rule 6     create_Table -> CREATE TABLE ID PAR_A cuerpo_createTable_lista PAR_C opcion_herencia PTCOMA
Rule 7     cuerpo_createTable_lista -> cuerpo_createTable_lista COMA cuerpo_createTable
Rule 8     cuerpo_createTable_lista -> cuerpo_createTable
Rule 9     cuerpo_createTable -> ID INTEGER
Rule 10    opcion_herencia -> INHERITS PAR_A ID PAR_C

Terminals, with rules where they appear

COMA                 : 7
CREATE               : 5 6
ID                   : 5 6 9 10
INHERITS             : 10
INTEGER              : 9
PAR_A                : 5 6 10
PAR_C                : 5 6 10
PTCOMA               : 5 6
TABLE                : 5 6
error                : 

Nonterminals, with rules where they appear

create_Table         : 4
cuerpo_createTable   : 7 8
cuerpo_createTable_lista : 5 6 7
init                 : 0
instruccion          : 2 3
instrucciones        : 1 2
opcion_herencia      : 6

Parsing method: LALR

state 0

    (0) S' -> . init
    (1) init -> . instrucciones
    (2) instrucciones -> . instrucciones instruccion
    (3) instrucciones -> . instruccion
    (4) instruccion -> . create_Table
    (5) create_Table -> . CREATE TABLE ID PAR_A cuerpo_createTable_lista PAR_C PTCOMA
    (6) create_Table -> . CREATE TABLE ID PAR_A cuerpo_createTable_lista PAR_C opcion_herencia PTCOMA

    CREATE          shift and go to state 5

    init                           shift and go to state 1
    instrucciones                  shift and go to state 2
    instruccion                    shift and go to state 3
    create_Table                   shift and go to state 4

state 1

    (0) S' -> init .



state 2

    (1) init -> instrucciones .
    (2) instrucciones -> instrucciones . instruccion
    (4) instruccion -> . create_Table
    (5) create_Table -> . CREATE TABLE ID PAR_A cuerpo_createTable_lista PAR_C PTCOMA
    (6) create_Table -> . CREATE TABLE ID PAR_A cuerpo_createTable_lista PAR_C opcion_herencia PTCOMA

    $end            reduce using rule 1 (init -> instrucciones .)
    CREATE          shift and go to state 5

    instruccion                    shift and go to state 6
    create_Table                   shift and go to state 4

state 3

    (3) instrucciones -> instruccion .

    CREATE          reduce using rule 3 (instrucciones -> instruccion .)
    $end            reduce using rule 3 (instrucciones -> instruccion .)


state 4

    (4) instruccion -> create_Table .

    CREATE          reduce using rule 4 (instruccion -> create_Table .)
    $end            reduce using rule 4 (instruccion -> create_Table .)


state 5

    (5) create_Table -> CREATE . TABLE ID PAR_A cuerpo_createTable_lista PAR_C PTCOMA
    (6) create_Table -> CREATE . TABLE ID PAR_A cuerpo_createTable_lista PAR_C opcion_herencia PTCOMA

    TABLE           shift and go to state 7


state 6

    (2) instrucciones -> instrucciones instruccion .

    CREATE          reduce using rule 2 (instrucciones -> instrucciones instruccion .)
    $end            reduce using rule 2 (instrucciones -> instrucciones instruccion .)


state 7

    (5) create_Table -> CREATE TABLE . ID PAR_A cuerpo_createTable_lista PAR_C PTCOMA
    (6) create_Table -> CREATE TABLE . ID PAR_A cuerpo_createTable_lista PAR_C opcion_herencia PTCOMA

    ID              shift and go to state 8


state 8

    (5) create_Table -> CREATE TABLE ID . PAR_A cuerpo_createTable_lista PAR_C PTCOMA
    (6) create_Table -> CREATE TABLE ID . PAR_A cuerpo_createTable_lista PAR_C opcion_herencia PTCOMA

    PAR_A           shift and go to state 9


state 9

    (5) create_Table -> CREATE TABLE ID PAR_A . cuerpo_createTable_lista PAR_C PTCOMA
    (6) create_Table -> CREATE TABLE ID PAR_A . cuerpo_createTable_lista PAR_C opcion_herencia PTCOMA
    (7) cuerpo_createTable_lista -> . cuerpo_createTable_lista COMA cuerpo_createTable
    (8) cuerpo_createTable_lista -> . cuerpo_createTable
    (9) cuerpo_createTable -> . ID INTEGER

    ID              shift and go to state 10

    cuerpo_createTable_lista       shift and go to state 11
    cuerpo_createTable             shift and go to state 12

state 10

    (9) cuerpo_createTable -> ID . INTEGER

    INTEGER         shift and go to state 13


state 11

    (5) create_Table -> CREATE TABLE ID PAR_A cuerpo_createTable_lista . PAR_C PTCOMA
    (6) create_Table -> CREATE TABLE ID PAR_A cuerpo_createTable_lista . PAR_C opcion_herencia PTCOMA
    (7) cuerpo_createTable_lista -> cuerpo_createTable_lista . COMA cuerpo_createTable

    PAR_C           shift and go to state 14
    COMA            shift and go to state 15


state 12

    (8) cuerpo_createTable_lista -> cuerpo_createTable .

    PAR_C           reduce using rule 8 (cuerpo_createTable_lista -> cuerpo_createTable .)
    COMA            reduce using rule 8 (cuerpo_createTable_lista -> cuerpo_createTable .)


state 13

    (9) cuerpo_createTable -> ID INTEGER .

    PAR_C           reduce using rule 9 (cuerpo_createTable -> ID INTEGER .)
    COMA            reduce using rule 9 (cuerpo_createTable -> ID INTEGER .)


state 14

    (5) create_Table -> CREATE TABLE ID PAR_A cuerpo_createTable_lista PAR_C . PTCOMA
    (6) create_Table -> CREATE TABLE ID PAR_A cuerpo_createTable_lista PAR_C . opcion_herencia PTCOMA
    (10) opcion_herencia -> . INHERITS PAR_A ID PAR_C

    PTCOMA          shift and go to state 16
    INHERITS        shift and go to state 18

    opcion_herencia                shift and go to state 17

state 15

    (7) cuerpo_createTable_lista -> cuerpo_createTable_lista COMA . cuerpo_createTable
    (9) cuerpo_createTable -> . ID INTEGER

    ID              shift and go to state 10

    cuerpo_createTable             shift and go to state 19

state 16

    (5) create_Table -> CREATE TABLE ID PAR_A cuerpo_createTable_lista PAR_C PTCOMA .

    CREATE          reduce using rule 5 (create_Table -> CREATE TABLE ID PAR_A cuerpo_createTable_lista PAR_C PTCOMA .)
    $end            reduce using rule 5 (create_Table -> CREATE TABLE ID PAR_A cuerpo_createTable_lista PAR_C PTCOMA .)


state 17

    (6) create_Table -> CREATE TABLE ID PAR_A cuerpo_createTable_lista PAR_C opcion_herencia . PTCOMA

    PTCOMA          shift and go to state 20


state 18

    (10) opcion_herencia -> INHERITS . PAR_A ID PAR_C

    PAR_A           shift and go to state 21


state 19

    (7) cuerpo_createTable_lista -> cuerpo_createTable_lista COMA cuerpo_createTable .

    PAR_C           reduce using rule 7 (cuerpo_createTable_lista -> cuerpo_createTable_lista COMA cuerpo_createTable .)
    COMA            reduce using rule 7 (cuerpo_createTable_lista -> cuerpo_createTable_lista COMA cuerpo_createTable .)


state 20

    (6) create_Table -> CREATE TABLE ID PAR_A cuerpo_createTable_lista PAR_C opcion_herencia PTCOMA .

    CREATE          reduce using rule 6 (create_Table -> CREATE TABLE ID PAR_A cuerpo_createTable_lista PAR_C opcion_herencia PTCOMA .)
    $end            reduce using rule 6 (create_Table -> CREATE TABLE ID PAR_A cuerpo_createTable_lista PAR_C opcion_herencia PTCOMA .)


state 21

    (10) opcion_herencia -> INHERITS PAR_A . ID PAR_C

    ID              shift and go to state 22


state 22

    (10) opcion_herencia -> INHERITS PAR_A ID . PAR_C

    PAR_C           shift and go to state 23


state 23

    (10) opcion_herencia -> INHERITS PAR_A ID PAR_C .

    PTCOMA          reduce using rule 10 (opcion_herencia -> INHERITS PAR_A ID PAR_C .)

